INFO [acme.Launcher] Starting Launcher using Java 1.8.0_281 on SAKURA with PID 4232 (C:\Users\luca_\Desktop\UNI\DP2\Workspace-21.1\Projects\Acme-Planner\target\classes started by Sakura in C:\Users\luca_\Desktop\UNI\DP2\Workspace-21.1\Projects\Acme-Planner)
INFO [acme.Launcher] The following profiles are active: development,populator
INFO [acme.Launcher] Started Launcher in 8.945 seconds (JVM running for 9.665)
INFO [acme.framework.utilities.DatabasePopulator] Populating initial data
INFO [acme.framework.utilities.DatabasePopulator] Recreating schema
INFO [acme.framework.utilities.DatabasePopulator] Populating entities from classpath:/WEB-INF/population/initial-data.xml
INFO [acme.framework.utilities.DatabasePopulator] Validating your entities.
INFO [acme.framework.utilities.DatabasePopulator] Validating configuration1 ... PASS
INFO [acme.framework.utilities.DatabasePopulator] Validating anonymousUserAccount ... PASS
INFO [acme.framework.utilities.DatabasePopulator] Validating anonymousAnonymous ... PASS
INFO [acme.framework.utilities.DatabasePopulator] Validating authenticatedUserAccount ... PASS
INFO [acme.framework.utilities.DatabasePopulator] Validating authenticatedAuthenticated ... PASS
INFO [acme.framework.utilities.DatabasePopulator] Validating administratorUserAccount ... PASS
INFO [acme.framework.utilities.DatabasePopulator] Validating administratorAdministrator ... PASS
INFO [acme.framework.utilities.DatabasePopulator] Validating administratorAuthenticated ... PASS
INFO [acme.framework.utilities.DatabasePopulator] Validating managerUserAccount ... PASS
INFO [acme.framework.utilities.DatabasePopulator] Validating managerManager ... PASS
INFO [acme.framework.utilities.DatabasePopulator] Validating managerAuthenticated ... PASS
INFO [acme.framework.utilities.DatabasePopulator] Sorting your entities topologically.
INFO [acme.framework.utilities.DatabasePopulator] > Setting index 0 for configuration1.
INFO [acme.framework.utilities.DatabasePopulator] > Setting index 1 for anonymousUserAccount.
INFO [acme.framework.utilities.DatabasePopulator] > Setting index 2 for anonymousAnonymous.
INFO [acme.framework.utilities.DatabasePopulator] > Setting index 3 for authenticatedUserAccount.
INFO [acme.framework.utilities.DatabasePopulator] > Setting index 4 for authenticatedAuthenticated.
INFO [acme.framework.utilities.DatabasePopulator] > Setting index 5 for administratorUserAccount.
INFO [acme.framework.utilities.DatabasePopulator] > Setting index 6 for administratorAdministrator.
INFO [acme.framework.utilities.DatabasePopulator] > Setting index 7 for administratorAuthenticated.
INFO [acme.framework.utilities.DatabasePopulator] > Setting index 8 for managerUserAccount.
INFO [acme.framework.utilities.DatabasePopulator] > Setting index 9 for managerManager.
INFO [acme.framework.utilities.DatabasePopulator] > Setting index 10 for managerAuthenticated.
INFO [acme.framework.utilities.DatabasePopulator] Persiting your entities.
INFO [acme.framework.utilities.DatabasePopulator] > Persisting configuration1 = acme.entities.configurations.Configuration{id=1, version=0}
INFO [acme.framework.utilities.DatabasePopulator] > Persisting anonymousUserAccount = acme.framework.entities.UserAccount{id=2, version=0}
INFO [acme.framework.utilities.DatabasePopulator] > Persisting anonymousAnonymous = acme.framework.entities.Anonymous{id=3, version=0}
INFO [acme.framework.utilities.DatabasePopulator] > Persisting authenticatedUserAccount = acme.framework.entities.UserAccount{id=4, version=0}
INFO [acme.framework.utilities.DatabasePopulator] > Persisting authenticatedAuthenticated = acme.framework.entities.Authenticated{id=5, version=0}
INFO [acme.framework.utilities.DatabasePopulator] > Persisting administratorUserAccount = acme.framework.entities.UserAccount{id=6, version=0}
INFO [acme.framework.utilities.DatabasePopulator] > Persisting administratorAdministrator = acme.framework.entities.Administrator{id=7, version=0}
INFO [acme.framework.utilities.DatabasePopulator] > Persisting administratorAuthenticated = acme.framework.entities.Authenticated{id=8, version=0}
INFO [acme.framework.utilities.DatabasePopulator] > Persisting managerUserAccount = acme.framework.entities.UserAccount{id=9, version=0}
INFO [acme.framework.utilities.DatabasePopulator] > Persisting managerManager = acme.entities.roles.Manager{id=10, version=0}
INFO [acme.framework.utilities.DatabasePopulator] > Persisting managerAuthenticated = acme.framework.entities.Authenticated{id=11, version=0}
INFO [acme.framework.configuration.ShutdownConfiguration] The system is shutting down...
INFO [acme.Launcher] Starting Launcher using Java 1.8.0_281 on DESKTOP-11MIOGR with PID 14508 (C:\Users\alber\Desktop\Workspace-21.1\Projects\D04\target\classes started by alber in C:\Users\alber\Desktop\Workspace-21.1\Projects\D04)
INFO [acme.Launcher] The following profiles are active: development,populator
INFO [acme.Launcher] Started Launcher in 8.822 seconds (JVM running for 9.646)
INFO [acme.framework.utilities.DatabasePopulator] Populating initial data
INFO [acme.framework.utilities.DatabasePopulator] Recreating schema
INFO [acme.framework.utilities.DatabasePopulator] Populating entities from classpath:/WEB-INF/population/initial-data.xml
INFO [acme.framework.utilities.DatabasePopulator] Validating your entities.
INFO [acme.framework.utilities.DatabasePopulator] Validating configuration1 ... PASS
INFO [acme.framework.utilities.DatabasePopulator] Validating anonymousUserAccount ... PASS
INFO [acme.framework.utilities.DatabasePopulator] Validating anonymousAnonymous ... PASS
INFO [acme.framework.utilities.DatabasePopulator] Validating authenticatedUserAccount ... PASS
INFO [acme.framework.utilities.DatabasePopulator] Validating authenticatedAuthenticated ... PASS
INFO [acme.framework.utilities.DatabasePopulator] Validating administratorUserAccount ... PASS
INFO [acme.framework.utilities.DatabasePopulator] Validating administratorAdministrator ... PASS
INFO [acme.framework.utilities.DatabasePopulator] Validating administratorAuthenticated ... PASS
INFO [acme.framework.utilities.DatabasePopulator] Validating managerUserAccount ... PASS
INFO [acme.framework.utilities.DatabasePopulator] Validating managerManager ... PASS
INFO [acme.framework.utilities.DatabasePopulator] Validating managerAuthenticated ... PASS
INFO [acme.framework.utilities.DatabasePopulator] Sorting your entities topologically.
INFO [acme.framework.utilities.DatabasePopulator] > Setting index 0 for configuration1.
INFO [acme.framework.utilities.DatabasePopulator] > Setting index 1 for anonymousUserAccount.
INFO [acme.framework.utilities.DatabasePopulator] > Setting index 2 for anonymousAnonymous.
INFO [acme.framework.utilities.DatabasePopulator] > Setting index 3 for authenticatedUserAccount.
INFO [acme.framework.utilities.DatabasePopulator] > Setting index 4 for authenticatedAuthenticated.
INFO [acme.framework.utilities.DatabasePopulator] > Setting index 5 for administratorUserAccount.
INFO [acme.framework.utilities.DatabasePopulator] > Setting index 6 for administratorAdministrator.
INFO [acme.framework.utilities.DatabasePopulator] > Setting index 7 for administratorAuthenticated.
INFO [acme.framework.utilities.DatabasePopulator] > Setting index 8 for managerUserAccount.
INFO [acme.framework.utilities.DatabasePopulator] > Setting index 9 for managerManager.
INFO [acme.framework.utilities.DatabasePopulator] > Setting index 10 for managerAuthenticated.
INFO [acme.framework.utilities.DatabasePopulator] Persiting your entities.
INFO [acme.framework.utilities.DatabasePopulator] > Persisting configuration1 = acme.entities.configurations.Configuration{id=1, version=0}
INFO [acme.framework.utilities.DatabasePopulator] > Persisting anonymousUserAccount = acme.framework.entities.UserAccount{id=2, version=0}
INFO [acme.framework.utilities.DatabasePopulator] > Persisting anonymousAnonymous = acme.framework.entities.Anonymous{id=3, version=0}
INFO [acme.framework.utilities.DatabasePopulator] > Persisting authenticatedUserAccount = acme.framework.entities.UserAccount{id=4, version=0}
INFO [acme.framework.utilities.DatabasePopulator] > Persisting authenticatedAuthenticated = acme.framework.entities.Authenticated{id=5, version=0}
INFO [acme.framework.utilities.DatabasePopulator] > Persisting administratorUserAccount = acme.framework.entities.UserAccount{id=6, version=0}
INFO [acme.framework.utilities.DatabasePopulator] > Persisting administratorAdministrator = acme.framework.entities.Administrator{id=7, version=0}
INFO [acme.framework.utilities.DatabasePopulator] > Persisting administratorAuthenticated = acme.framework.entities.Authenticated{id=8, version=0}
INFO [acme.framework.utilities.DatabasePopulator] > Persisting managerUserAccount = acme.framework.entities.UserAccount{id=9, version=0}
INFO [acme.framework.utilities.DatabasePopulator] > Persisting managerManager = acme.entities.roles.Manager{id=10, version=0}
INFO [acme.framework.utilities.DatabasePopulator] > Persisting managerAuthenticated = acme.framework.entities.Authenticated{id=11, version=0}
INFO [acme.framework.configuration.ShutdownConfiguration] The system is shutting down...
INFO [acme.Launcher] Starting Launcher using Java 1.8.0_281 on DESKTOP-11MIOGR with PID 14708 (C:\Users\alber\Desktop\Workspace-21.1\Projects\D04\target\classes started by alber in C:\Users\alber\Desktop\Workspace-21.1\Projects\D04)
INFO [acme.Launcher] The following profiles are active: development,populator
INFO [acme.Launcher] Started Launcher in 7.894 seconds (JVM running for 8.562)
INFO [acme.framework.utilities.DatabasePopulator] Populating sample data
INFO [acme.framework.utilities.DatabasePopulator] Recreating schema
INFO [acme.framework.utilities.DatabasePopulator] Populating entities from classpath:/WEB-INF/population/initial-data.xml
INFO [acme.framework.utilities.DatabasePopulator] Validating your entities.
INFO [acme.framework.utilities.DatabasePopulator] Validating configuration1 ... PASS
INFO [acme.framework.utilities.DatabasePopulator] Validating anonymousUserAccount ... PASS
INFO [acme.framework.utilities.DatabasePopulator] Validating anonymousAnonymous ... PASS
INFO [acme.framework.utilities.DatabasePopulator] Validating authenticatedUserAccount ... PASS
INFO [acme.framework.utilities.DatabasePopulator] Validating authenticatedAuthenticated ... PASS
INFO [acme.framework.utilities.DatabasePopulator] Validating administratorUserAccount ... PASS
INFO [acme.framework.utilities.DatabasePopulator] Validating administratorAdministrator ... PASS
INFO [acme.framework.utilities.DatabasePopulator] Validating administratorAuthenticated ... PASS
INFO [acme.framework.utilities.DatabasePopulator] Validating managerUserAccount ... PASS
INFO [acme.framework.utilities.DatabasePopulator] Validating managerManager ... PASS
INFO [acme.framework.utilities.DatabasePopulator] Validating managerAuthenticated ... PASS
INFO [acme.framework.utilities.DatabasePopulator] Sorting your entities topologically.
INFO [acme.framework.utilities.DatabasePopulator] > Setting index 0 for configuration1.
INFO [acme.framework.utilities.DatabasePopulator] > Setting index 1 for anonymousUserAccount.
INFO [acme.framework.utilities.DatabasePopulator] > Setting index 2 for anonymousAnonymous.
INFO [acme.framework.utilities.DatabasePopulator] > Setting index 3 for authenticatedUserAccount.
INFO [acme.framework.utilities.DatabasePopulator] > Setting index 4 for authenticatedAuthenticated.
INFO [acme.framework.utilities.DatabasePopulator] > Setting index 5 for administratorUserAccount.
INFO [acme.framework.utilities.DatabasePopulator] > Setting index 6 for administratorAdministrator.
INFO [acme.framework.utilities.DatabasePopulator] > Setting index 7 for administratorAuthenticated.
INFO [acme.framework.utilities.DatabasePopulator] > Setting index 8 for managerUserAccount.
INFO [acme.framework.utilities.DatabasePopulator] > Setting index 9 for managerManager.
INFO [acme.framework.utilities.DatabasePopulator] > Setting index 10 for managerAuthenticated.
INFO [acme.framework.utilities.DatabasePopulator] Persiting your entities.
INFO [acme.framework.utilities.DatabasePopulator] > Persisting configuration1 = acme.entities.configurations.Configuration{id=1, version=0}
INFO [acme.framework.utilities.DatabasePopulator] > Persisting anonymousUserAccount = acme.framework.entities.UserAccount{id=2, version=0}
INFO [acme.framework.utilities.DatabasePopulator] > Persisting anonymousAnonymous = acme.framework.entities.Anonymous{id=3, version=0}
INFO [acme.framework.utilities.DatabasePopulator] > Persisting authenticatedUserAccount = acme.framework.entities.UserAccount{id=4, version=0}
INFO [acme.framework.utilities.DatabasePopulator] > Persisting authenticatedAuthenticated = acme.framework.entities.Authenticated{id=5, version=0}
INFO [acme.framework.utilities.DatabasePopulator] > Persisting administratorUserAccount = acme.framework.entities.UserAccount{id=6, version=0}
INFO [acme.framework.utilities.DatabasePopulator] > Persisting administratorAdministrator = acme.framework.entities.Administrator{id=7, version=0}
INFO [acme.framework.utilities.DatabasePopulator] > Persisting administratorAuthenticated = acme.framework.entities.Authenticated{id=8, version=0}
INFO [acme.framework.utilities.DatabasePopulator] > Persisting managerUserAccount = acme.framework.entities.UserAccount{id=9, version=0}
INFO [acme.framework.utilities.DatabasePopulator] > Persisting managerManager = acme.entities.roles.Manager{id=10, version=0}
INFO [acme.framework.utilities.DatabasePopulator] > Persisting managerAuthenticated = acme.framework.entities.Authenticated{id=11, version=0}
INFO [acme.framework.utilities.DatabasePopulator] Populating entities from classpath:/WEB-INF/population/sample-data.xml
INFO [acme.framework.utilities.DatabasePopulator] Validating your entities.
INFO [acme.framework.utilities.DatabasePopulator] Validating shout1 ... PASS
INFO [acme.framework.utilities.DatabasePopulator] Validating shout2 ... PASS
INFO [acme.framework.utilities.DatabasePopulator] Validating shout3 ... PASS
INFO [acme.framework.utilities.DatabasePopulator] Validating shout4 ... PASS
INFO [acme.framework.utilities.DatabasePopulator] Validating shout5 ... PASS
INFO [acme.framework.utilities.DatabasePopulator] Validating shout6 ... PASS
INFO [acme.framework.utilities.DatabasePopulator] Validating shout7 ... PASS
INFO [acme.framework.utilities.DatabasePopulator] Validating managerUserAccount01 ... PASS
INFO [acme.framework.utilities.DatabasePopulator] Validating managerManager01 ... PASS
INFO [acme.framework.utilities.DatabasePopulator] Validating managerAuthenticated01 ... PASS
INFO [acme.framework.utilities.DatabasePopulator] Validating managerUserAccount02 ... PASS
INFO [acme.framework.utilities.DatabasePopulator] Validating managerManager02 ... PASS
INFO [acme.framework.utilities.DatabasePopulator] Validating managerAuthenticated02 ... PASS
INFO [acme.framework.utilities.DatabasePopulator] Validating task01 ... PASS
INFO [acme.framework.utilities.DatabasePopulator] Validating task02 ... PASS
INFO [acme.framework.utilities.DatabasePopulator] Validating task03 ... PASS
INFO [acme.framework.utilities.DatabasePopulator] Validating task03a ... PASS
INFO [acme.framework.utilities.DatabasePopulator] Validating task04 ... PASS
INFO [acme.framework.utilities.DatabasePopulator] Validating task04a ... PASS
INFO [acme.framework.utilities.DatabasePopulator] Validating task05 ... PASS
INFO [acme.framework.utilities.DatabasePopulator] Validating task06 ... PASS
INFO [acme.framework.utilities.DatabasePopulator] Validating task07 ... PASS
INFO [acme.framework.utilities.DatabasePopulator] Validating task07a ... PASS
INFO [acme.framework.utilities.DatabasePopulator] Validating task08 ... PASS
INFO [acme.framework.utilities.DatabasePopulator] Validating task08a ... PASS
INFO [acme.framework.utilities.DatabasePopulator] Validating task09 ... PASS
INFO [acme.framework.utilities.DatabasePopulator] Validating task09a ... PASS
INFO [acme.framework.utilities.DatabasePopulator] Validating task10 ... PASS
INFO [acme.framework.utilities.DatabasePopulator] Validating task11 ... PASS
INFO [acme.framework.utilities.DatabasePopulator] Validating task12 ... PASS
INFO [acme.framework.utilities.DatabasePopulator] Validating task13 ... PASS
INFO [acme.framework.utilities.DatabasePopulator] Validating task14 ... PASS
INFO [acme.framework.utilities.DatabasePopulator] Validating task15 ... PASS
INFO [acme.framework.utilities.DatabasePopulator] Validating task16 ... PASS
INFO [acme.framework.utilities.DatabasePopulator] Validating task17 ... PASS
INFO [acme.framework.utilities.DatabasePopulator] Validating task18 ... PASS
INFO [acme.framework.utilities.DatabasePopulator] Validating task18a ... PASS
INFO [acme.framework.utilities.DatabasePopulator] Validating task19 ... PASS
INFO [acme.framework.utilities.DatabasePopulator] Validating task19a ... PASS
INFO [acme.framework.utilities.DatabasePopulator] Validating task20 ... PASS
INFO [acme.framework.utilities.DatabasePopulator] Validating task21 ... PASS
INFO [acme.framework.utilities.DatabasePopulator] Validating task22 ... PASS
INFO [acme.framework.utilities.DatabasePopulator] Validating task22a ... PASS
INFO [acme.framework.utilities.DatabasePopulator] Validating task23 ... PASS
INFO [acme.framework.utilities.DatabasePopulator] Validating task23a ... PASS
INFO [acme.framework.utilities.DatabasePopulator] Validating task24 ... PASS
INFO [acme.framework.utilities.DatabasePopulator] Validating task24a ... PASS
INFO [acme.framework.utilities.DatabasePopulator] Validating task25 ... PASS
INFO [acme.framework.utilities.DatabasePopulator] Validating task26 ... PASS
INFO [acme.framework.utilities.DatabasePopulator] Validating task27 ... PASS
INFO [acme.framework.utilities.DatabasePopulator] Validating task28 ... PASS
INFO [acme.framework.utilities.DatabasePopulator] Validating task29 ... PASS
INFO [acme.framework.utilities.DatabasePopulator] Validating task30 ... PASS
INFO [acme.framework.utilities.DatabasePopulator] Validating task31 ... PASS
INFO [acme.framework.utilities.DatabasePopulator] Validating workplan01 ... PASS
INFO [acme.framework.utilities.DatabasePopulator] Validating workplan02 ... PASS
INFO [acme.framework.utilities.DatabasePopulator] Validating workplan03 ... PASS
INFO [acme.framework.utilities.DatabasePopulator] Validating workplan04 ... PASS
INFO [acme.framework.utilities.DatabasePopulator] Validating workplan05 ... PASS
INFO [acme.framework.utilities.DatabasePopulator] Validating workplan06 ... PASS
INFO [acme.framework.utilities.DatabasePopulator] Validating workplan07 ... PASS
INFO [acme.framework.utilities.DatabasePopulator] Validating workplan08 ... PASS
INFO [acme.framework.utilities.DatabasePopulator] Validating workplan09 ... PASS
INFO [acme.framework.utilities.DatabasePopulator] Validating workplan10 ... PASS
INFO [acme.framework.utilities.DatabasePopulator] Validating workplan11 ... PASS
INFO [acme.framework.utilities.DatabasePopulator] Validating workplan12 ... PASS
INFO [acme.framework.utilities.DatabasePopulator] Validating workplan13 ... PASS
INFO [acme.framework.utilities.DatabasePopulator] Validating workplan14 ... PASS
INFO [acme.framework.utilities.DatabasePopulator] Validating workplan15 ... PASS
INFO [acme.framework.utilities.DatabasePopulator] Sorting your entities topologically.
INFO [acme.framework.utilities.DatabasePopulator] > Setting index 0 for shout1.
INFO [acme.framework.utilities.DatabasePopulator] > Setting index 1 for shout2.
INFO [acme.framework.utilities.DatabasePopulator] > Setting index 2 for shout3.
INFO [acme.framework.utilities.DatabasePopulator] > Setting index 3 for shout4.
INFO [acme.framework.utilities.DatabasePopulator] > Setting index 4 for shout5.
INFO [acme.framework.utilities.DatabasePopulator] > Setting index 5 for shout6.
INFO [acme.framework.utilities.DatabasePopulator] > Setting index 6 for shout7.
INFO [acme.framework.utilities.DatabasePopulator] > Setting index 7 for managerUserAccount01.
INFO [acme.framework.utilities.DatabasePopulator] > Setting index 8 for managerManager01.
INFO [acme.framework.utilities.DatabasePopulator] > Setting index 9 for managerAuthenticated01.
INFO [acme.framework.utilities.DatabasePopulator] > Setting index 10 for managerUserAccount02.
INFO [acme.framework.utilities.DatabasePopulator] > Setting index 11 for managerManager02.
INFO [acme.framework.utilities.DatabasePopulator] > Setting index 12 for managerAuthenticated02.
INFO [acme.framework.utilities.DatabasePopulator] > Setting index 13 for task01.
INFO [acme.framework.utilities.DatabasePopulator] > Setting index 14 for task02.
INFO [acme.framework.utilities.DatabasePopulator] > Setting index 15 for task03.
INFO [acme.framework.utilities.DatabasePopulator] > Setting index 16 for task03a.
INFO [acme.framework.utilities.DatabasePopulator] > Setting index 17 for task04.
INFO [acme.framework.utilities.DatabasePopulator] > Setting index 18 for task04a.
INFO [acme.framework.utilities.DatabasePopulator] > Setting index 19 for task05.
INFO [acme.framework.utilities.DatabasePopulator] > Setting index 20 for task06.
INFO [acme.framework.utilities.DatabasePopulator] > Setting index 21 for task07.
INFO [acme.framework.utilities.DatabasePopulator] > Setting index 22 for task07a.
INFO [acme.framework.utilities.DatabasePopulator] > Setting index 23 for task08.
INFO [acme.framework.utilities.DatabasePopulator] > Setting index 24 for task08a.
INFO [acme.framework.utilities.DatabasePopulator] > Setting index 25 for task09.
INFO [acme.framework.utilities.DatabasePopulator] > Setting index 26 for task09a.
INFO [acme.framework.utilities.DatabasePopulator] > Setting index 27 for task10.
INFO [acme.framework.utilities.DatabasePopulator] > Setting index 28 for task11.
INFO [acme.framework.utilities.DatabasePopulator] > Setting index 29 for task12.
INFO [acme.framework.utilities.DatabasePopulator] > Setting index 30 for task13.
INFO [acme.framework.utilities.DatabasePopulator] > Setting index 31 for task14.
INFO [acme.framework.utilities.DatabasePopulator] > Setting index 32 for task15.
INFO [acme.framework.utilities.DatabasePopulator] > Setting index 33 for task16.
INFO [acme.framework.utilities.DatabasePopulator] > Setting index 34 for task17.
INFO [acme.framework.utilities.DatabasePopulator] > Setting index 35 for task18.
INFO [acme.framework.utilities.DatabasePopulator] > Setting index 36 for task18a.
INFO [acme.framework.utilities.DatabasePopulator] > Setting index 37 for task19.
INFO [acme.framework.utilities.DatabasePopulator] > Setting index 38 for task19a.
INFO [acme.framework.utilities.DatabasePopulator] > Setting index 39 for task20.
INFO [acme.framework.utilities.DatabasePopulator] > Setting index 40 for task21.
INFO [acme.framework.utilities.DatabasePopulator] > Setting index 41 for task22.
INFO [acme.framework.utilities.DatabasePopulator] > Setting index 42 for task22a.
INFO [acme.framework.utilities.DatabasePopulator] > Setting index 43 for task23.
INFO [acme.framework.utilities.DatabasePopulator] > Setting index 44 for task23a.
INFO [acme.framework.utilities.DatabasePopulator] > Setting index 45 for task24.
INFO [acme.framework.utilities.DatabasePopulator] > Setting index 46 for task24a.
INFO [acme.framework.utilities.DatabasePopulator] > Setting index 47 for task25.
INFO [acme.framework.utilities.DatabasePopulator] > Setting index 48 for task26.
INFO [acme.framework.utilities.DatabasePopulator] > Setting index 49 for task27.
INFO [acme.framework.utilities.DatabasePopulator] > Setting index 50 for task28.
INFO [acme.framework.utilities.DatabasePopulator] > Setting index 51 for task29.
INFO [acme.framework.utilities.DatabasePopulator] > Setting index 52 for task30.
INFO [acme.framework.utilities.DatabasePopulator] > Setting index 53 for task31.
INFO [acme.framework.utilities.DatabasePopulator] > Setting index 54 for workplan01.
INFO [acme.framework.utilities.DatabasePopulator] > Setting index 55 for workplan02.
INFO [acme.framework.utilities.DatabasePopulator] > Setting index 56 for workplan03.
INFO [acme.framework.utilities.DatabasePopulator] > Setting index 57 for workplan04.
INFO [acme.framework.utilities.DatabasePopulator] > Setting index 58 for workplan05.
INFO [acme.framework.utilities.DatabasePopulator] > Setting index 59 for workplan06.
INFO [acme.framework.utilities.DatabasePopulator] > Setting index 60 for workplan07.
INFO [acme.framework.utilities.DatabasePopulator] > Setting index 61 for workplan08.
INFO [acme.framework.utilities.DatabasePopulator] > Setting index 62 for workplan09.
INFO [acme.framework.utilities.DatabasePopulator] > Setting index 63 for workplan10.
INFO [acme.framework.utilities.DatabasePopulator] > Setting index 64 for workplan11.
INFO [acme.framework.utilities.DatabasePopulator] > Setting index 65 for workplan12.
INFO [acme.framework.utilities.DatabasePopulator] > Setting index 66 for workplan13.
INFO [acme.framework.utilities.DatabasePopulator] > Setting index 67 for workplan14.
INFO [acme.framework.utilities.DatabasePopulator] > Setting index 68 for workplan15.
INFO [acme.framework.utilities.DatabasePopulator] Persiting your entities.
INFO [acme.framework.utilities.DatabasePopulator] > Persisting shout1 = acme.entities.shouts.Shout{id=12, version=0}
INFO [acme.framework.utilities.DatabasePopulator] > Persisting shout2 = acme.entities.shouts.Shout{id=13, version=0}
INFO [acme.framework.utilities.DatabasePopulator] > Persisting shout3 = acme.entities.shouts.Shout{id=14, version=0}
INFO [acme.framework.utilities.DatabasePopulator] > Persisting shout4 = acme.entities.shouts.Shout{id=15, version=0}
INFO [acme.framework.utilities.DatabasePopulator] > Persisting shout5 = acme.entities.shouts.Shout{id=16, version=0}
INFO [acme.framework.utilities.DatabasePopulator] > Persisting shout6 = acme.entities.shouts.Shout{id=17, version=0}
INFO [acme.framework.utilities.DatabasePopulator] > Persisting shout7 = acme.entities.shouts.Shout{id=18, version=0}
INFO [acme.framework.utilities.DatabasePopulator] > Persisting managerUserAccount01 = acme.framework.entities.UserAccount{id=19, version=0}
INFO [acme.framework.utilities.DatabasePopulator] > Persisting managerManager01 = acme.entities.roles.Manager{id=20, version=0}
INFO [acme.framework.utilities.DatabasePopulator] > Persisting managerAuthenticated01 = acme.framework.entities.Authenticated{id=21, version=0}
INFO [acme.framework.utilities.DatabasePopulator] > Persisting managerUserAccount02 = acme.framework.entities.UserAccount{id=22, version=0}
INFO [acme.framework.utilities.DatabasePopulator] > Persisting managerManager02 = acme.entities.roles.Manager{id=23, version=0}
INFO [acme.framework.utilities.DatabasePopulator] > Persisting managerAuthenticated02 = acme.framework.entities.Authenticated{id=24, version=0}
INFO [acme.framework.utilities.DatabasePopulator] > Persisting task01 = acme.entities.tasks.Task{id=25, version=0}
INFO [acme.framework.utilities.DatabasePopulator] > Persisting task02 = acme.entities.tasks.Task{id=26, version=0}
INFO [acme.framework.utilities.DatabasePopulator] > Persisting task03 = acme.entities.tasks.Task{id=27, version=0}
INFO [acme.framework.utilities.DatabasePopulator] > Persisting task03a = acme.entities.tasks.Task{id=28, version=0}
INFO [acme.framework.utilities.DatabasePopulator] > Persisting task04 = acme.entities.tasks.Task{id=29, version=0}
INFO [acme.framework.utilities.DatabasePopulator] > Persisting task04a = acme.entities.tasks.Task{id=30, version=0}
INFO [acme.framework.utilities.DatabasePopulator] > Persisting task05 = acme.entities.tasks.Task{id=31, version=0}
INFO [acme.framework.utilities.DatabasePopulator] > Persisting task06 = acme.entities.tasks.Task{id=32, version=0}
INFO [acme.framework.utilities.DatabasePopulator] > Persisting task07 = acme.entities.tasks.Task{id=33, version=0}
INFO [acme.framework.utilities.DatabasePopulator] > Persisting task07a = acme.entities.tasks.Task{id=34, version=0}
INFO [acme.framework.utilities.DatabasePopulator] > Persisting task08 = acme.entities.tasks.Task{id=35, version=0}
INFO [acme.framework.utilities.DatabasePopulator] > Persisting task08a = acme.entities.tasks.Task{id=36, version=0}
INFO [acme.framework.utilities.DatabasePopulator] > Persisting task09 = acme.entities.tasks.Task{id=37, version=0}
INFO [acme.framework.utilities.DatabasePopulator] > Persisting task09a = acme.entities.tasks.Task{id=38, version=0}
INFO [acme.framework.utilities.DatabasePopulator] > Persisting task10 = acme.entities.tasks.Task{id=39, version=0}
INFO [acme.framework.utilities.DatabasePopulator] > Persisting task11 = acme.entities.tasks.Task{id=40, version=0}
INFO [acme.framework.utilities.DatabasePopulator] > Persisting task12 = acme.entities.tasks.Task{id=41, version=0}
INFO [acme.framework.utilities.DatabasePopulator] > Persisting task13 = acme.entities.tasks.Task{id=42, version=0}
INFO [acme.framework.utilities.DatabasePopulator] > Persisting task14 = acme.entities.tasks.Task{id=43, version=0}
INFO [acme.framework.utilities.DatabasePopulator] > Persisting task15 = acme.entities.tasks.Task{id=44, version=0}
INFO [acme.framework.utilities.DatabasePopulator] > Persisting task16 = acme.entities.tasks.Task{id=45, version=0}
INFO [acme.framework.utilities.DatabasePopulator] > Persisting task17 = acme.entities.tasks.Task{id=46, version=0}
INFO [acme.framework.utilities.DatabasePopulator] > Persisting task18 = acme.entities.tasks.Task{id=47, version=0}
INFO [acme.framework.utilities.DatabasePopulator] > Persisting task18a = acme.entities.tasks.Task{id=48, version=0}
INFO [acme.framework.utilities.DatabasePopulator] > Persisting task19 = acme.entities.tasks.Task{id=49, version=0}
INFO [acme.framework.utilities.DatabasePopulator] > Persisting task19a = acme.entities.tasks.Task{id=50, version=0}
INFO [acme.framework.utilities.DatabasePopulator] > Persisting task20 = acme.entities.tasks.Task{id=51, version=0}
INFO [acme.framework.utilities.DatabasePopulator] > Persisting task21 = acme.entities.tasks.Task{id=52, version=0}
INFO [acme.framework.utilities.DatabasePopulator] > Persisting task22 = acme.entities.tasks.Task{id=53, version=0}
INFO [acme.framework.utilities.DatabasePopulator] > Persisting task22a = acme.entities.tasks.Task{id=54, version=0}
INFO [acme.framework.utilities.DatabasePopulator] > Persisting task23 = acme.entities.tasks.Task{id=55, version=0}
INFO [acme.framework.utilities.DatabasePopulator] > Persisting task23a = acme.entities.tasks.Task{id=56, version=0}
INFO [acme.framework.utilities.DatabasePopulator] > Persisting task24 = acme.entities.tasks.Task{id=57, version=0}
INFO [acme.framework.utilities.DatabasePopulator] > Persisting task24a = acme.entities.tasks.Task{id=58, version=0}
INFO [acme.framework.utilities.DatabasePopulator] > Persisting task25 = acme.entities.tasks.Task{id=59, version=0}
INFO [acme.framework.utilities.DatabasePopulator] > Persisting task26 = acme.entities.tasks.Task{id=60, version=0}
INFO [acme.framework.utilities.DatabasePopulator] > Persisting task27 = acme.entities.tasks.Task{id=61, version=0}
INFO [acme.framework.utilities.DatabasePopulator] > Persisting task28 = acme.entities.tasks.Task{id=62, version=0}
INFO [acme.framework.utilities.DatabasePopulator] > Persisting task29 = acme.entities.tasks.Task{id=63, version=0}
INFO [acme.framework.utilities.DatabasePopulator] > Persisting task30 = acme.entities.tasks.Task{id=64, version=0}
INFO [acme.framework.utilities.DatabasePopulator] > Persisting task31 = acme.entities.tasks.Task{id=65, version=0}
INFO [acme.framework.utilities.DatabasePopulator] > Persisting workplan01 = acme.entities.workplans.Workplan{id=66, version=0}
INFO [acme.framework.utilities.DatabasePopulator] > Persisting workplan02 = acme.entities.workplans.Workplan{id=67, version=0}
INFO [acme.framework.utilities.DatabasePopulator] > Persisting workplan03 = acme.entities.workplans.Workplan{id=68, version=0}
INFO [acme.framework.utilities.DatabasePopulator] > Persisting workplan04 = acme.entities.workplans.Workplan{id=69, version=0}
INFO [acme.framework.utilities.DatabasePopulator] > Persisting workplan05 = acme.entities.workplans.Workplan{id=70, version=0}
INFO [acme.framework.utilities.DatabasePopulator] > Persisting workplan06 = acme.entities.workplans.Workplan{id=71, version=0}
INFO [acme.framework.utilities.DatabasePopulator] > Persisting workplan07 = acme.entities.workplans.Workplan{id=72, version=0}
INFO [acme.framework.utilities.DatabasePopulator] > Persisting workplan08 = acme.entities.workplans.Workplan{id=73, version=0}
INFO [acme.framework.utilities.DatabasePopulator] > Persisting workplan09 = acme.entities.workplans.Workplan{id=74, version=0}
INFO [acme.framework.utilities.DatabasePopulator] > Persisting workplan10 = acme.entities.workplans.Workplan{id=75, version=0}
INFO [acme.framework.utilities.DatabasePopulator] > Persisting workplan11 = acme.entities.workplans.Workplan{id=76, version=0}
INFO [acme.framework.utilities.DatabasePopulator] > Persisting workplan12 = acme.entities.workplans.Workplan{id=77, version=0}
INFO [acme.framework.utilities.DatabasePopulator] > Persisting workplan13 = acme.entities.workplans.Workplan{id=78, version=0}
INFO [acme.framework.utilities.DatabasePopulator] > Persisting workplan14 = acme.entities.workplans.Workplan{id=79, version=0}
INFO [acme.framework.utilities.DatabasePopulator] > Persisting workplan15 = acme.entities.workplans.Workplan{id=80, version=0}
INFO [acme.framework.configuration.ShutdownConfiguration] The system is shutting down...
